<?xml version="1.0" encoding="UTF-8"?>
<testng-results ignored="0" total="1" passed="1" failed="0" skipped="0">
  <reporter-output>
  </reporter-output>
  <suite started-at="2024-12-06T11:28:10 IST" name="Default suite" finished-at="2024-12-06T11:28:16 IST" duration-ms="5762">
    <groups>
    </groups>
    <test started-at="2024-12-06T11:28:10 IST" name="Default test" finished-at="2024-12-06T11:28:16 IST" duration-ms="5762">
      <class name="Synechron.Selenium_TestNG.AutoSuggestion">
        <test-method signature="autosugg()[pri:0, instance:Synechron.Selenium_TestNG.AutoSuggestion@3cd3e762]" started-at="2024-12-06T11:28:11 IST" name="autosugg" finished-at="2024-12-06T11:28:16 IST" duration-ms="5723" status="PASS">
          <reporter-output>
          </reporter-output>
        </test-method> <!-- autosugg -->
      </class> <!-- Synechron.Selenium_TestNG.AutoSuggestion -->
    </test> <!-- Default test -->
  </suite> <!-- Default suite -->
</testng-results>
